<?xml version="1.0" encoding="UTF-8"?>
<!-- Generated by org.testng.reporters.JUnitReportReporter -->
<testsuite name="scripts.Signup_facebook" tests="1" time="32.781" ignored="0" failures="0" timestamp="04 Nov 2019 09:48:21 GMT" skipped="0" hostname="LAPTOP-98L7AV90" errors="0">
  <testcase name="facebooksignupscript" time="32.781" classname="scripts.Signup_facebook"/>
</testsuite> <!-- scripts.Signup_facebook -->
