<?xml version="1.0" encoding="UTF-8"?>
<!-- Generated by org.testng.reporters.JUnitReportReporter -->
<testsuite name="scripts.Gmail_account" tests="1" time="27.091" ignored="0" failures="0" timestamp="04 Nov 2019 09:48:21 GMT" skipped="0" hostname="LAPTOP-98L7AV90" errors="0">
  <testcase name="gamil_data" time="27.091" classname="scripts.Gmail_account"/>
</testsuite> <!-- scripts.Gmail_account -->
